{"name": "Successful login", "status": "broken", "statusDetails": {"message": "selenium.common.exceptions.TimeoutException: Message: \nStacktrace:\nBacktrace:\n\tGetHandleVerifier [0x0038DCE3+50899]\n\t(No symbol) [0x0031E111]\n\t(No symbol) [0x00225588]\n\t(No symbol) [0x002508F9]\n\t(No symbol) [0x00250AFB]\n\t(No symbol) [0x0027F902]\n\t(No symbol) [0x0026B944]\n\t(No symbol) [0x0027E01C]\n\t(No symbol) [0x0026B6F6]\n\t(No symbol) [0x00247708]\n\t(No symbol) [0x0024886D]\n\tGetHandleVerifier [0x005F3EAE+2566302]\n\tGetHandleVerifier [0x006292B1+2784417]\n\tGetHandleVerifier [0x0062327C+2759788]\n\tGetHandleVerifier [0x00425740+672048]\n\t(No symbol) [0x00328872]\n\t(No symbol) [0x003241C8]\n\t(No symbol) [0x003242AB]\n\t(No symbol) [0x003171B7]\n\tBaseThreadInitThunk [0x7676FA29+25]\n\tRtlGetAppContainerNamedObjectPath [0x77C07A9E+286]\n\tRtlGetAppContainerNamedObjectPath [0x77C07A6E+238]", "trace": "index_page = <pages.index_page.IndexPage object at 0x000001BDD931FE20>\n\n    @pytest.mark.ui\n    @pytest.mark.smoke\n    @allure.description('Testing successful login')\n    @allure.label('owner', 'Sergey')\n    @allure.title('Successful login')\n    @allure.suite('Authorization suite')\n    @allure.severity(allure.severity_level.BLOCKER)\n    def test_login(index_page):\n        index_page.login(USERNAME,PASSWORD)\n>       index_page.verify_title_text()\n\ntest_index_page.py:19: \n_ _ _ _ _ _ _ _ _ _ _ _ _ _ _ _ _ _ _ _ _ _ _ _ _ _ _ _ _ _ _ _ _ _ _ _ _ _ _ _\n..\\pages\\index_page.py:42: in verify_title_text\n    self.assert_equal(\"Products\", self.get_text(Locators.TITLE_TEXT))\n..\\base_object\\base.py:35: in get_text\n    return self.is_visible(locator).text\n..\\base_object\\base.py:15: in is_visible\n    return self.wait.until(ec.visibility_of_element_located(locator))\n_ _ _ _ _ _ _ _ _ _ _ _ _ _ _ _ _ _ _ _ _ _ _ _ _ _ _ _ _ _ _ _ _ _ _ _ _ _ _ _\n\nself = <selenium.webdriver.support.wait.WebDriverWait (session=\"56a40354d6a0f9fc73339a907780cf38\")>\nmethod = <function visibility_of_element_located.<locals>._predicate at 0x000001BDD9329510>\nmessage = ''\n\n    def until(self, method, message: str = \"\"):\n        \"\"\"Calls the method provided with the driver as an argument until the \\\n        return value does not evaluate to ``False``.\n    \n        :param method: callable(WebDriver)\n        :param message: optional message for :exc:`TimeoutException`\n        :returns: the result of the last call to `method`\n        :raises: :exc:`selenium.common.exceptions.TimeoutException` if timeout occurs\n        \"\"\"\n        screen = None\n        stacktrace = None\n    \n        end_time = time.monotonic() + self._timeout\n        while True:\n            try:\n                value = method(self._driver)\n                if value:\n                    return value\n            except self._ignored_exceptions as exc:\n                screen = getattr(exc, \"screen\", None)\n                stacktrace = getattr(exc, \"stacktrace\", None)\n            time.sleep(self._poll)\n            if time.monotonic() > end_time:\n                break\n>       raise TimeoutException(message, screen, stacktrace)\nE       selenium.common.exceptions.TimeoutException: Message: \nE       Stacktrace:\nE       Backtrace:\nE       \tGetHandleVerifier [0x0038DCE3+50899]\nE       \t(No symbol) [0x0031E111]\nE       \t(No symbol) [0x00225588]\nE       \t(No symbol) [0x002508F9]\nE       \t(No symbol) [0x00250AFB]\nE       \t(No symbol) [0x0027F902]\nE       \t(No symbol) [0x0026B944]\nE       \t(No symbol) [0x0027E01C]\nE       \t(No symbol) [0x0026B6F6]\nE       \t(No symbol) [0x00247708]\nE       \t(No symbol) [0x0024886D]\nE       \tGetHandleVerifier [0x005F3EAE+2566302]\nE       \tGetHandleVerifier [0x006292B1+2784417]\nE       \tGetHandleVerifier [0x0062327C+2759788]\nE       \tGetHandleVerifier [0x00425740+672048]\nE       \t(No symbol) [0x00328872]\nE       \t(No symbol) [0x003241C8]\nE       \t(No symbol) [0x003242AB]\nE       \t(No symbol) [0x003171B7]\nE       \tBaseThreadInitThunk [0x7676FA29+25]\nE       \tRtlGetAppContainerNamedObjectPath [0x77C07A9E+286]\nE       \tRtlGetAppContainerNamedObjectPath [0x77C07A6E+238]\n\n..\\venv\\lib\\site-packages\\selenium\\webdriver\\support\\wait.py:95: TimeoutException"}, "description": "Testing successful login", "steps": [{"name": "verify title text", "status": "broken", "statusDetails": {"message": "selenium.common.exceptions.TimeoutException: Message: \nStacktrace:\nBacktrace:\n\tGetHandleVerifier [0x0038DCE3+50899]\n\t(No symbol) [0x0031E111]\n\t(No symbol) [0x00225588]\n\t(No symbol) [0x002508F9]\n\t(No symbol) [0x00250AFB]\n\t(No symbol) [0x0027F902]\n\t(No symbol) [0x0026B944]\n\t(No symbol) [0x0027E01C]\n\t(No symbol) [0x0026B6F6]\n\t(No symbol) [0x00247708]\n\t(No symbol) [0x0024886D]\n\tGetHandleVerifier [0x005F3EAE+2566302]\n\tGetHandleVerifier [0x006292B1+2784417]\n\tGetHandleVerifier [0x0062327C+2759788]\n\tGetHandleVerifier [0x00425740+672048]\n\t(No symbol) [0x00328872]\n\t(No symbol) [0x003241C8]\n\t(No symbol) [0x003242AB]\n\t(No symbol) [0x003171B7]\n\tBaseThreadInitThunk [0x7676FA29+25]\n\tRtlGetAppContainerNamedObjectPath [0x77C07A9E+286]\n\tRtlGetAppContainerNamedObjectPath [0x77C07A6E+238]\n\n", "trace": "  File \"C:\\Users\\szubarev\\PycharmProjects\\Saucedemo\\venv\\lib\\site-packages\\allure_commons\\_allure.py\", line 192, in impl\n    return func(*a, **kw)\n  File \"C:\\Users\\szubarev\\PycharmProjects\\Saucedemo\\pages\\index_page.py\", line 42, in verify_title_text\n    self.assert_equal(\"Products\", self.get_text(Locators.TITLE_TEXT))\n  File \"C:\\Users\\szubarev\\PycharmProjects\\Saucedemo\\base_object\\base.py\", line 35, in get_text\n    return self.is_visible(locator).text\n  File \"C:\\Users\\szubarev\\PycharmProjects\\Saucedemo\\base_object\\base.py\", line 15, in is_visible\n    return self.wait.until(ec.visibility_of_element_located(locator))\n  File \"C:\\Users\\szubarev\\PycharmProjects\\Saucedemo\\venv\\lib\\site-packages\\selenium\\webdriver\\support\\wait.py\", line 95, in until\n    raise TimeoutException(message, screen, stacktrace)\n"}, "start": 1682687494124, "stop": 1682687499292}], "attachments": [{"name": "log", "source": "53a9c1ea-ceeb-4d54-8b4c-48c29c4e981e-attachment.txt", "type": "text/plain"}], "start": 1682687493742, "stop": 1682687499295, "uuid": "8221465b-0897-4bdb-9f4c-c7a0f92b2ceb", "historyId": "b87f5467554d70365a0af541ee685911", "testCaseId": "934a251c80a6d801a794a279d21cd912", "fullName": "tests.test_index_page#test_login", "labels": [{"name": "suite", "value": "Authorization suite"}, {"name": "owner", "value": "Sergey"}, {"name": "severity", "value": "blocker"}, {"name": "tag", "value": "smoke"}, {"name": "tag", "value": "ui"}, {"name": "parentSuite", "value": "tests"}, {"name": "host", "value": "cotvec-378"}, {"name": "thread", "value": "15564-MainThread"}, {"name": "framework", "value": "pytest"}, {"name": "language", "value": "cpython3"}, {"name": "package", "value": "tests.test_index_page"}]}